2024-07-08 20:08:35,880 - GRIDENGINE - __log__ - Setting saves directory ...
2024-07-08 20:08:35,880 - GRIDENGINE - __log__ - Saves directory set to /devel/boss/envs/CharMonster/grid_engine/_saves/
2024-07-08 20:08:39,858 - base_actor: BaseActor: Initializing BaseActor class.
2024-07-08 20:08:39,923 - base_actor: BaseCharacter: Initializing BaseCharacter class.
2024-07-08 20:08:39,956 - Initializing CharActor.
2024-07-08 20:08:39,983 - Initializing character bank.
2024-07-08 20:09:06,628 - GRIDENGINE - __log__ - random_cell(Grid)
2024-07-08 20:09:15,259 - GRIDENGINE - __log__ - random_cell(Grid)
2024-07-08 20:15:47,633 - GRIDENGINE - __log__ - Setting saves directory ...
2024-07-08 20:15:47,633 - GRIDENGINE - __log__ - Saves directory set to /devel/boss/envs/CharMonster/grid_engine/_saves/
2024-07-08 20:15:50,173 - base_actor: BaseActor: Initializing BaseActor class.
2024-07-08 20:15:50,245 - base_actor: BaseCharacter: Initializing BaseCharacter class.
2024-07-08 20:15:50,278 - Initializing CharActor.
2024-07-08 20:15:50,308 - Initializing character bank.
2024-07-08 20:15:55,837 - GRIDENGINE - __log__ - random_cell(Grid)
2024-07-08 20:15:58,453 - GRIDENGINE - __log__ - random_cell(Grid)
2024-07-08 20:16:20,103 - GRIDENGINE - __log__ - get_row_by_name(Grid)
2024-07-08 20:16:54,900 - GRIDENGINE - __log__ - Setting saves directory ...
2024-07-08 20:16:54,900 - GRIDENGINE - __log__ - Saves directory set to /devel/boss/envs/CharMonster/grid_engine/_saves/
2024-07-08 20:16:57,223 - base_actor: BaseActor: Initializing BaseActor class.
2024-07-08 20:16:57,293 - base_actor: BaseCharacter: Initializing BaseCharacter class.
2024-07-08 20:16:57,326 - Initializing CharActor.
2024-07-08 20:16:57,355 - Initializing character bank.
2024-07-08 20:17:01,983 - GRIDENGINE - __log__ - random_cell(Grid)
2024-07-08 20:17:04,479 - GRIDENGINE - __log__ - random_cell(Grid)
2024-07-08 20:17:15,116 - GRIDENGINE - __log__ - get_row_by_name(Grid)
2024-07-08 20:21:26,830 - GRIDENGINE - __log__ - Setting saves directory ...
2024-07-08 20:21:26,830 - GRIDENGINE - __log__ - Saves directory set to /devel/boss/envs/CharMonster/grid_engine/_saves/
2024-07-08 20:21:29,491 - base_actor: BaseActor: Initializing BaseActor class.
2024-07-08 20:21:29,557 - base_actor: BaseCharacter: Initializing BaseCharacter class.
2024-07-08 20:21:29,588 - Initializing CharActor.
2024-07-08 20:21:29,616 - Initializing character bank.
2024-07-08 20:21:34,828 - GRIDENGINE - __log__ - random_cell(Grid)
2024-07-08 20:21:37,619 - GRIDENGINE - __log__ - random_cell(Grid)
2024-07-08 20:25:08,147 - GRIDENGINE - __log__ - Setting saves directory ...
2024-07-08 20:25:08,147 - GRIDENGINE - __log__ - Saves directory set to /devel/boss/envs/CharMonster/grid_engine/_saves/
2024-07-08 20:25:12,165 - base_actor: BaseActor: Initializing BaseActor class.
2024-07-08 20:25:12,229 - base_actor: BaseCharacter: Initializing BaseCharacter class.
2024-07-08 20:25:12,259 - Initializing CharActor.
2024-07-08 20:25:12,285 - Initializing character bank.
2024-07-08 20:25:20,784 - GRIDENGINE - __log__ - random_cell(Grid)
2024-07-08 20:25:24,689 - GRIDENGINE - __log__ - random_cell(Grid)
2024-07-08 20:30:06,717 - GRIDENGINE - __log__ - Setting saves directory ...
2024-07-08 20:30:06,717 - GRIDENGINE - __log__ - Saves directory set to /devel/boss/envs/CharMonster/grid_engine/_saves/
2024-07-08 20:30:09,669 - base_actor: BaseActor: Initializing BaseActor class.
2024-07-08 20:30:09,737 - base_actor: BaseCharacter: Initializing BaseCharacter class.
2024-07-08 20:30:09,768 - Initializing CharActor.
2024-07-08 20:30:09,796 - Initializing character bank.
2024-07-08 20:30:15,734 - GRIDENGINE - __log__ - random_cell(Grid)
2024-07-08 20:30:18,255 - GRIDENGINE - __log__ - random_cell(Grid)
2024-07-08 20:30:26,111 - GRIDENGINE - __log__ - get_row_by_name(Grid)
