w - Initializing abstract entity class.
w - Initializing base entity class.
w - Initializing entity class.
w - Initializing logical entity class.
w - Initializing visual entity class.
w - Instantiating logical entity Kobold.
w - Instantiating logical entity Bandit.
w - Initializing abstract entity class.
w - Initializing base entity class.
w - Initializing entity class.
w - Initializing logical entity class.
w - Initializing visual entity class.
w - Instantiating logical entity Kobold.
w - Instantiating logical entity Bandit.
w - Initializing abstract entity class.
w - Initializing base entity class.
w - Initializing entity class.
w - Initializing logical entity class.
w - Initializing visual entity class.
w - Instantiating logical entity Kobold.
w - Instantiating logical entity Bandit.
w - Initializing abstract entity class.
w - Initializing base entity class.
w - Initializing entity class.
w - Initializing logical entity class.
w - Initializing visual entity class.
w - Instantiating logical entity Kobold.
w - Instantiating logical entity Bandit.
w - Initializing abstract entity class.
w - Initializing base entity class.
w - Initializing entity class.
w - Initializing logical entity class.
w - Initializing visual entity class.
w - Instantiating logical entity Kobold.
w - Instantiating logical entity Bandit.
w - Initializing abstract entity class.
w - Initializing base entity class.
w - Initializing entity class.
w - Initializing logical entity class.
w - Initializing visual entity class.
w - Instantiating logical entity Kobold.
w - Instantiating logical entity Bandit.
