w - Initializing abstract entity class.
w - Initializing base entity class.
w - Initializing entity class.
w - Initializing logical entity class.
w - Initializing visual entity class.
w - Initializing abstract entity class.
w - Initializing base entity class.
w - Initializing entity class.
w - Initializing logical entity class.
w - Initializing visual entity class.
w - Initializing abstract entity class.
w - Initializing base entity class.
w - Initializing entity class.
w - Initializing logical entity class.
w - Initializing visual entity class.
w - Initializing abstract entity class.
w - Initializing base entity class.
w - Initializing entity class.
w - Initializing logical entity class.
w - Initializing visual entity class.
w - Initializing abstract entity class.
w - Initializing base entity class.
w - Initializing entity class.
w - Initializing logical entity class.
w - Initializing visual entity class.
w - Initializing abstract entity class.
w - Initializing base entity class.
w - Initializing entity class.
w - Initializing logical entity class.
w - Initializing visual entity class.
w - Initializing abstract entity class.
w - Initializing base entity class.
w - Initializing entity class.
w - Initializing logical entity class.
w - Initializing visual entity class.
w - Initializing abstract entity class.
w - Initializing base entity class.
w - Initializing entity class.
w - Initializing logical entity class.
w - Initializing visual entity class.
w - Initializing abstract entity class.
w - Initializing base entity class.
w - Initializing entity class.
w - Initializing logical entity class.
w - Initializing visual entity class.
w - Initializing abstract entity class.
w - Initializing base entity class.
w - Initializing entity class.
w - Initializing logical entity class.
w - Initializing visual entity class.
w - Initializing abstract entity class.
w - Initializing base entity class.
w - Initializing entity class.
w - Initializing logical entity class.
w - Initializing visual entity class.
w - Initializing abstract entity class.
w - Initializing base entity class.
w - Initializing entity class.
w - Initializing logical entity class.
w - Initializing visual entity class.
w - Initializing abstract entity class.
w - Initializing base entity class.
w - Initializing entity class.
w - Initializing logical entity class.
w - Initializing visual entity class.
w - Initializing abstract entity class.
w - Initializing base entity class.
w - Initializing entity class.
w - Initializing logical entity class.
w - Initializing visual entity class.
w - Initializing abstract entity class.
w - Initializing base entity class.
w - Initializing entity class.
w - Initializing logical entity class.
w - Initializing visual entity class.
w - Initializing abstract entity class.
w - Initializing base entity class.
w - Initializing entity class.
w - Initializing logical entity class.
w - Initializing visual entity class.
w - Initializing abstract entity class.
w - Initializing base entity class.
w - Initializing entity class.
w - Initializing logical entity class.
w - Initializing visual entity class.
w - Initializing abstract entity class.
w - Initializing base entity class.
w - Initializing entity class.
w - Initializing logical entity class.
w - Initializing visual entity class.
w - Initializing abstract entity class.
w - Initializing base entity class.
w - Initializing entity class.
w - Initializing logical entity class.
w - Initializing visual entity class.
w - Initializing abstract entity class.
w - Initializing base entity class.
w - Initializing entity class.
w - Initializing logical entity class.
w - Initializing visual entity class.
w - Initializing abstract entity class.
w - Initializing base entity class.
w - Initializing entity class.
w - Initializing logical entity class.
w - Initializing visual entity class.
w - Initializing abstract entity class.
w - Initializing base entity class.
w - Initializing entity class.
w - Initializing logical entity class.
w - Initializing visual entity class.
w - Initializing abstract entity class.
w - Initializing base entity class.
w - Initializing entity class.
w - Initializing logical entity class.
w - Initializing visual entity class.
w - Initializing abstract entity class.
w - Initializing base entity class.
w - Initializing entity class.
w - Initializing logical entity class.
w - Initializing visual entity class.
w - Initializing abstract entity class.
w - Initializing base entity class.
w - Initializing entity class.
w - Initializing logical entity class.
w - Initializing visual entity class.
w - Initializing abstract entity class.
w - Initializing base entity class.
w - Initializing entity class.
w - Initializing logical entity class.
w - Initializing visual entity class.
w - Initializing abstract entity class.
w - Initializing base entity class.
w - Initializing entity class.
w - Initializing logical entity class.
w - Initializing visual entity class.
w - Initializing abstract entity class.
w - Initializing base entity class.
w - Initializing entity class.
w - Initializing logical entity class.
w - Initializing visual entity class.
w - Instantiating logical entity Fire Dragon.
w - Initializing abstract entity class.
w - Initializing base entity class.
w - Initializing entity class.
w - Initializing logical entity class.
w - Initializing visual entity class.
w - Instantiating logical entity Fire Dragon.
w - Initializing abstract entity class.
w - Initializing base entity class.
w - Initializing entity class.
w - Initializing logical entity class.
w - Initializing visual entity class.
w - Initializing abstract entity class.
w - Initializing base entity class.
w - Initializing entity class.
w - Initializing logical entity class.
w - Initializing visual entity class.
w - Initializing abstract entity class.
w - Initializing base entity class.
w - Initializing entity class.
w - Initializing logical entity class.
w - Initializing visual entity class.
w - Initializing abstract entity class.
w - Initializing base entity class.
w - Initializing entity class.
w - Initializing logical entity class.
w - Initializing visual entity class.
w - Initializing abstract entity class.
w - Initializing base entity class.
w - Initializing entity class.
w - Initializing logical entity class.
w - Initializing visual entity class.
w - Initializing abstract entity class.
w - Initializing base entity class.
w - Initializing entity class.
w - Initializing logical entity class.
w - Initializing visual entity class.
